[2024-03-12 17:17:02,269] INFO [Controller id=0 epoch=4] Sending UpdateMetadata request to brokers HashSet(0) for 0 partitions (state.change.logger)
[2024-03-12 17:17:02,463] INFO [Controller id=0 epoch=4] Sending LeaderAndIsr request to broker 0 with 52 become-leader and 0 become-follower partitions (state.change.logger)
[2024-03-12 17:17:02,467] INFO [Controller id=0 epoch=4] Sending UpdateMetadata request to brokers HashSet(0) for 52 partitions (state.change.logger)
[2024-03-12 17:17:02,534] INFO [Broker id=0] Handling LeaderAndIsr request correlationId 1 from controller 0 for 52 partitions (state.change.logger)
[2024-03-12 17:17:02,590] INFO [Broker id=0] Stopped fetchers as part of LeaderAndIsr request correlationId 1 from controller 0 epoch 4 as part of the become-leader transition for 52 partitions (state.change.logger)
[2024-03-12 17:17:02,607] INFO [Broker id=0] Leader __consumer_offsets-3 with topic id Some(iOoSqnXlQguxaakcaJLZlA) starts at leader epoch 0 from offset 0 with partition epoch 0, high watermark 0, ISR [0], adding replicas [] and removing replicas [] . Previous leader None and previous leader epoch was -1. (state.change.logger)
[2024-03-12 17:17:02,616] INFO [Broker id=0] Leader __consumer_offsets-18 with topic id Some(iOoSqnXlQguxaakcaJLZlA) starts at leader epoch 0 from offset 0 with partition epoch 0, high watermark 0, ISR [0], adding replicas [] and removing replicas [] . Previous leader None and previous leader epoch was -1. (state.change.logger)
[2024-03-12 17:17:02,620] INFO [Broker id=0] Leader __consumer_offsets-41 with topic id Some(iOoSqnXlQguxaakcaJLZlA) starts at leader epoch 0 from offset 0 with partition epoch 0, high watermark 0, ISR [0], adding replicas [] and removing replicas [] . Previous leader None and previous leader epoch was -1. (state.change.logger)
[2024-03-12 17:17:02,624] INFO [Broker id=0] Leader __consumer_offsets-10 with topic id Some(iOoSqnXlQguxaakcaJLZlA) starts at leader epoch 0 from offset 0 with partition epoch 0, high watermark 0, ISR [0], adding replicas [] and removing replicas [] . Previous leader None and previous leader epoch was -1. (state.change.logger)
[2024-03-12 17:17:02,630] INFO [Broker id=0] Leader __consumer_offsets-33 with topic id Some(iOoSqnXlQguxaakcaJLZlA) starts at leader epoch 0 from offset 0 with partition epoch 0, high watermark 0, ISR [0], adding replicas [] and removing replicas [] . Previous leader None and previous leader epoch was -1. (state.change.logger)
[2024-03-12 17:17:02,634] INFO [Broker id=0] Leader __consumer_offsets-48 with topic id Some(iOoSqnXlQguxaakcaJLZlA) starts at leader epoch 0 from offset 0 with partition epoch 0, high watermark 0, ISR [0], adding replicas [] and removing replicas [] . Previous leader None and previous leader epoch was -1. (state.change.logger)
[2024-03-12 17:17:02,639] INFO [Broker id=0] Leader __consumer_offsets-19 with topic id Some(iOoSqnXlQguxaakcaJLZlA) starts at leader epoch 0 from offset 0 with partition epoch 0, high watermark 0, ISR [0], adding replicas [] and removing replicas [] . Previous leader None and previous leader epoch was -1. (state.change.logger)
[2024-03-12 17:17:02,643] INFO [Broker id=0] Leader __consumer_offsets-34 with topic id Some(iOoSqnXlQguxaakcaJLZlA) starts at leader epoch 0 from offset 0 with partition epoch 0, high watermark 0, ISR [0], adding replicas [] and removing replicas [] . Previous leader None and previous leader epoch was -1. (state.change.logger)
[2024-03-12 17:17:02,647] INFO [Broker id=0] Leader __consumer_offsets-4 with topic id Some(iOoSqnXlQguxaakcaJLZlA) starts at leader epoch 0 from offset 0 with partition epoch 0, high watermark 0, ISR [0], adding replicas [] and removing replicas [] . Previous leader None and previous leader epoch was -1. (state.change.logger)
[2024-03-12 17:17:02,652] INFO [Broker id=0] Leader __consumer_offsets-11 with topic id Some(iOoSqnXlQguxaakcaJLZlA) starts at leader epoch 0 from offset 0 with partition epoch 0, high watermark 0, ISR [0], adding replicas [] and removing replicas [] . Previous leader None and previous leader epoch was -1. (state.change.logger)
[2024-03-12 17:17:02,655] INFO [Broker id=0] Leader __consumer_offsets-26 with topic id Some(iOoSqnXlQguxaakcaJLZlA) starts at leader epoch 0 from offset 0 with partition epoch 0, high watermark 0, ISR [0], adding replicas [] and removing replicas [] . Previous leader None and previous leader epoch was -1. (state.change.logger)
[2024-03-12 17:17:02,659] INFO [Broker id=0] Leader __consumer_offsets-49 with topic id Some(iOoSqnXlQguxaakcaJLZlA) starts at leader epoch 0 from offset 0 with partition epoch 0, high watermark 0, ISR [0], adding replicas [] and removing replicas [] . Previous leader None and previous leader epoch was -1. (state.change.logger)
[2024-03-12 17:17:02,663] INFO [Broker id=0] Leader __consumer_offsets-39 with topic id Some(iOoSqnXlQguxaakcaJLZlA) starts at leader epoch 0 from offset 0 with partition epoch 0, high watermark 0, ISR [0], adding replicas [] and removing replicas [] . Previous leader None and previous leader epoch was -1. (state.change.logger)
[2024-03-12 17:17:02,667] INFO [Broker id=0] Leader __consumer_offsets-9 with topic id Some(iOoSqnXlQguxaakcaJLZlA) starts at leader epoch 0 from offset 0 with partition epoch 0, high watermark 0, ISR [0], adding replicas [] and removing replicas [] . Previous leader None and previous leader epoch was -1. (state.change.logger)
[2024-03-12 17:17:02,670] INFO [Broker id=0] Leader __consumer_offsets-24 with topic id Some(iOoSqnXlQguxaakcaJLZlA) starts at leader epoch 0 from offset 0 with partition epoch 0, high watermark 0, ISR [0], adding replicas [] and removing replicas [] . Previous leader None and previous leader epoch was -1. (state.change.logger)
[2024-03-12 17:17:02,673] INFO [Broker id=0] Leader __consumer_offsets-31 with topic id Some(iOoSqnXlQguxaakcaJLZlA) starts at leader epoch 0 from offset 6 with partition epoch 0, high watermark 6, ISR [0], adding replicas [] and removing replicas [] . Previous leader None and previous leader epoch was -1. (state.change.logger)
[2024-03-12 17:17:02,673] INFO [Broker id=0] Leader __consumer_offsets-46 with topic id Some(iOoSqnXlQguxaakcaJLZlA) starts at leader epoch 0 from offset 0 with partition epoch 0, high watermark 0, ISR [0], adding replicas [] and removing replicas [] . Previous leader None and previous leader epoch was -1. (state.change.logger)
[2024-03-12 17:17:02,676] INFO [Broker id=0] Leader __consumer_offsets-1 with topic id Some(iOoSqnXlQguxaakcaJLZlA) starts at leader epoch 0 from offset 0 with partition epoch 0, high watermark 0, ISR [0], adding replicas [] and removing replicas [] . Previous leader None and previous leader epoch was -1. (state.change.logger)
[2024-03-12 17:17:02,680] INFO [Broker id=0] Leader __consumer_offsets-16 with topic id Some(iOoSqnXlQguxaakcaJLZlA) starts at leader epoch 0 from offset 0 with partition epoch 0, high watermark 0, ISR [0], adding replicas [] and removing replicas [] . Previous leader None and previous leader epoch was -1. (state.change.logger)
[2024-03-12 17:17:02,684] INFO [Broker id=0] Leader __consumer_offsets-2 with topic id Some(iOoSqnXlQguxaakcaJLZlA) starts at leader epoch 0 from offset 0 with partition epoch 0, high watermark 0, ISR [0], adding replicas [] and removing replicas [] . Previous leader None and previous leader epoch was -1. (state.change.logger)
[2024-03-12 17:17:02,689] INFO [Broker id=0] Leader __consumer_offsets-25 with topic id Some(iOoSqnXlQguxaakcaJLZlA) starts at leader epoch 0 from offset 0 with partition epoch 0, high watermark 0, ISR [0], adding replicas [] and removing replicas [] . Previous leader None and previous leader epoch was -1. (state.change.logger)
[2024-03-12 17:17:02,691] INFO [Broker id=0] Leader __consumer_offsets-40 with topic id Some(iOoSqnXlQguxaakcaJLZlA) starts at leader epoch 0 from offset 0 with partition epoch 0, high watermark 0, ISR [0], adding replicas [] and removing replicas [] . Previous leader None and previous leader epoch was -1. (state.change.logger)
[2024-03-12 17:17:02,695] INFO [Broker id=0] Leader __consumer_offsets-47 with topic id Some(iOoSqnXlQguxaakcaJLZlA) starts at leader epoch 0 from offset 364 with partition epoch 0, high watermark 364, ISR [0], adding replicas [] and removing replicas [] . Previous leader None and previous leader epoch was -1. (state.change.logger)
[2024-03-12 17:17:02,696] INFO [Broker id=0] Leader __consumer_offsets-17 with topic id Some(iOoSqnXlQguxaakcaJLZlA) starts at leader epoch 0 from offset 0 with partition epoch 0, high watermark 0, ISR [0], adding replicas [] and removing replicas [] . Previous leader None and previous leader epoch was -1. (state.change.logger)
[2024-03-12 17:17:02,699] INFO [Broker id=0] Leader __consumer_offsets-32 with topic id Some(iOoSqnXlQguxaakcaJLZlA) starts at leader epoch 0 from offset 0 with partition epoch 0, high watermark 0, ISR [0], adding replicas [] and removing replicas [] . Previous leader None and previous leader epoch was -1. (state.change.logger)
[2024-03-12 17:17:02,702] INFO [Broker id=0] Leader __consumer_offsets-37 with topic id Some(iOoSqnXlQguxaakcaJLZlA) starts at leader epoch 0 from offset 0 with partition epoch 0, high watermark 0, ISR [0], adding replicas [] and removing replicas [] . Previous leader None and previous leader epoch was -1. (state.change.logger)
[2024-03-12 17:17:02,706] INFO [Broker id=0] Leader __consumer_offsets-7 with topic id Some(iOoSqnXlQguxaakcaJLZlA) starts at leader epoch 0 from offset 0 with partition epoch 0, high watermark 0, ISR [0], adding replicas [] and removing replicas [] . Previous leader None and previous leader epoch was -1. (state.change.logger)
[2024-03-12 17:17:02,710] INFO [Broker id=0] Leader __consumer_offsets-22 with topic id Some(iOoSqnXlQguxaakcaJLZlA) starts at leader epoch 0 from offset 0 with partition epoch 0, high watermark 0, ISR [0], adding replicas [] and removing replicas [] . Previous leader None and previous leader epoch was -1. (state.change.logger)
[2024-03-12 17:17:02,714] INFO [Broker id=0] Leader __consumer_offsets-29 with topic id Some(iOoSqnXlQguxaakcaJLZlA) starts at leader epoch 0 from offset 0 with partition epoch 0, high watermark 0, ISR [0], adding replicas [] and removing replicas [] . Previous leader None and previous leader epoch was -1. (state.change.logger)
[2024-03-12 17:17:02,717] INFO [Broker id=0] Leader __consumer_offsets-44 with topic id Some(iOoSqnXlQguxaakcaJLZlA) starts at leader epoch 0 from offset 0 with partition epoch 0, high watermark 0, ISR [0], adding replicas [] and removing replicas [] . Previous leader None and previous leader epoch was -1. (state.change.logger)
[2024-03-12 17:17:02,720] INFO [Broker id=0] Leader __consumer_offsets-14 with topic id Some(iOoSqnXlQguxaakcaJLZlA) starts at leader epoch 0 from offset 0 with partition epoch 0, high watermark 0, ISR [0], adding replicas [] and removing replicas [] . Previous leader None and previous leader epoch was -1. (state.change.logger)
[2024-03-12 17:17:02,724] INFO [Broker id=0] Leader __consumer_offsets-23 with topic id Some(iOoSqnXlQguxaakcaJLZlA) starts at leader epoch 0 from offset 0 with partition epoch 0, high watermark 0, ISR [0], adding replicas [] and removing replicas [] . Previous leader None and previous leader epoch was -1. (state.change.logger)
[2024-03-12 17:17:02,728] INFO [Broker id=0] Leader __consumer_offsets-38 with topic id Some(iOoSqnXlQguxaakcaJLZlA) starts at leader epoch 0 from offset 0 with partition epoch 0, high watermark 0, ISR [0], adding replicas [] and removing replicas [] . Previous leader None and previous leader epoch was -1. (state.change.logger)
[2024-03-12 17:17:02,732] INFO [Broker id=0] Leader __consumer_offsets-8 with topic id Some(iOoSqnXlQguxaakcaJLZlA) starts at leader epoch 0 from offset 0 with partition epoch 0, high watermark 0, ISR [0], adding replicas [] and removing replicas [] . Previous leader None and previous leader epoch was -1. (state.change.logger)
[2024-03-12 17:17:02,739] INFO [Broker id=0] Leader myTopic-0 with topic id Some(Qh2jHo-ERC6OXP-8giik0A) starts at leader epoch 0 from offset 7 with partition epoch 0, high watermark 7, ISR [0], adding replicas [] and removing replicas [] . Previous leader None and previous leader epoch was -1. (state.change.logger)
[2024-03-12 17:17:02,739] INFO [Broker id=0] Leader __consumer_offsets-45 with topic id Some(iOoSqnXlQguxaakcaJLZlA) starts at leader epoch 0 from offset 0 with partition epoch 0, high watermark 0, ISR [0], adding replicas [] and removing replicas [] . Previous leader None and previous leader epoch was -1. (state.change.logger)
[2024-03-12 17:17:02,743] INFO [Broker id=0] Leader __consumer_offsets-15 with topic id Some(iOoSqnXlQguxaakcaJLZlA) starts at leader epoch 0 from offset 0 with partition epoch 0, high watermark 0, ISR [0], adding replicas [] and removing replicas [] . Previous leader None and previous leader epoch was -1. (state.change.logger)
[2024-03-12 17:17:02,745] INFO [Broker id=0] Leader __consumer_offsets-30 with topic id Some(iOoSqnXlQguxaakcaJLZlA) starts at leader epoch 0 from offset 0 with partition epoch 0, high watermark 0, ISR [0], adding replicas [] and removing replicas [] . Previous leader None and previous leader epoch was -1. (state.change.logger)
[2024-03-12 17:17:02,749] INFO [Broker id=0] Leader __consumer_offsets-0 with topic id Some(iOoSqnXlQguxaakcaJLZlA) starts at leader epoch 0 from offset 0 with partition epoch 0, high watermark 0, ISR [0], adding replicas [] and removing replicas [] . Previous leader None and previous leader epoch was -1. (state.change.logger)
[2024-03-12 17:17:02,753] INFO [Broker id=0] Leader __consumer_offsets-35 with topic id Some(iOoSqnXlQguxaakcaJLZlA) starts at leader epoch 0 from offset 0 with partition epoch 0, high watermark 0, ISR [0], adding replicas [] and removing replicas [] . Previous leader None and previous leader epoch was -1. (state.change.logger)
[2024-03-12 17:17:02,756] INFO [Broker id=0] Leader __consumer_offsets-5 with topic id Some(iOoSqnXlQguxaakcaJLZlA) starts at leader epoch 0 from offset 0 with partition epoch 0, high watermark 0, ISR [0], adding replicas [] and removing replicas [] . Previous leader None and previous leader epoch was -1. (state.change.logger)
[2024-03-12 17:17:02,760] INFO [Broker id=0] Leader __consumer_offsets-20 with topic id Some(iOoSqnXlQguxaakcaJLZlA) starts at leader epoch 0 from offset 0 with partition epoch 0, high watermark 0, ISR [0], adding replicas [] and removing replicas [] . Previous leader None and previous leader epoch was -1. (state.change.logger)
[2024-03-12 17:17:02,763] INFO [Broker id=0] Leader __consumer_offsets-27 with topic id Some(iOoSqnXlQguxaakcaJLZlA) starts at leader epoch 0 from offset 0 with partition epoch 0, high watermark 0, ISR [0], adding replicas [] and removing replicas [] . Previous leader None and previous leader epoch was -1. (state.change.logger)
[2024-03-12 17:17:02,766] INFO [Broker id=0] Leader __consumer_offsets-42 with topic id Some(iOoSqnXlQguxaakcaJLZlA) starts at leader epoch 0 from offset 0 with partition epoch 0, high watermark 0, ISR [0], adding replicas [] and removing replicas [] . Previous leader None and previous leader epoch was -1. (state.change.logger)
[2024-03-12 17:17:02,770] INFO [Broker id=0] Leader __consumer_offsets-12 with topic id Some(iOoSqnXlQguxaakcaJLZlA) starts at leader epoch 0 from offset 0 with partition epoch 0, high watermark 0, ISR [0], adding replicas [] and removing replicas [] . Previous leader None and previous leader epoch was -1. (state.change.logger)
[2024-03-12 17:17:02,775] INFO [Broker id=0] Leader __consumer_offsets-21 with topic id Some(iOoSqnXlQguxaakcaJLZlA) starts at leader epoch 0 from offset 0 with partition epoch 0, high watermark 0, ISR [0], adding replicas [] and removing replicas [] . Previous leader None and previous leader epoch was -1. (state.change.logger)
[2024-03-12 17:17:02,778] INFO [Broker id=0] Leader test-topic-0 with topic id Some(GKylx4_zSx2EEkI77qMLGg) starts at leader epoch 0 from offset 1 with partition epoch 0, high watermark 1, ISR [0], adding replicas [] and removing replicas [] . Previous leader None and previous leader epoch was -1. (state.change.logger)
[2024-03-12 17:17:02,778] INFO [Broker id=0] Leader __consumer_offsets-36 with topic id Some(iOoSqnXlQguxaakcaJLZlA) starts at leader epoch 0 from offset 3 with partition epoch 0, high watermark 3, ISR [0], adding replicas [] and removing replicas [] . Previous leader None and previous leader epoch was -1. (state.change.logger)
[2024-03-12 17:17:02,779] INFO [Broker id=0] Leader __consumer_offsets-6 with topic id Some(iOoSqnXlQguxaakcaJLZlA) starts at leader epoch 0 from offset 0 with partition epoch 0, high watermark 0, ISR [0], adding replicas [] and removing replicas [] . Previous leader None and previous leader epoch was -1. (state.change.logger)
[2024-03-12 17:17:02,784] INFO [Broker id=0] Leader __consumer_offsets-43 with topic id Some(iOoSqnXlQguxaakcaJLZlA) starts at leader epoch 0 from offset 0 with partition epoch 0, high watermark 0, ISR [0], adding replicas [] and removing replicas [] . Previous leader None and previous leader epoch was -1. (state.change.logger)
[2024-03-12 17:17:02,787] INFO [Broker id=0] Leader __consumer_offsets-13 with topic id Some(iOoSqnXlQguxaakcaJLZlA) starts at leader epoch 0 from offset 0 with partition epoch 0, high watermark 0, ISR [0], adding replicas [] and removing replicas [] . Previous leader None and previous leader epoch was -1. (state.change.logger)
[2024-03-12 17:17:02,792] INFO [Broker id=0] Leader __consumer_offsets-28 with topic id Some(iOoSqnXlQguxaakcaJLZlA) starts at leader epoch 0 from offset 0 with partition epoch 0, high watermark 0, ISR [0], adding replicas [] and removing replicas [] . Previous leader None and previous leader epoch was -1. (state.change.logger)
[2024-03-12 17:17:02,842] INFO [Broker id=0] Finished LeaderAndIsr request in 315ms correlationId 1 from controller 0 for 52 partitions (state.change.logger)
[2024-03-12 17:17:02,880] INFO [Broker id=0] Add 52 partitions and deleted 0 partitions from metadata cache in response to UpdateMetadata request sent by controller 0 epoch 4 with correlation id 2 (state.change.logger)
[2024-03-12 17:17:10,528] INFO [Controller id=0 epoch=4] Changed partition myTopic-2-0 state from NonExistentPartition to NewPartition with assigned replicas 0 (state.change.logger)
[2024-03-12 17:17:10,528] INFO [Controller id=0 epoch=4] Sending UpdateMetadata request to brokers HashSet() for 0 partitions (state.change.logger)
[2024-03-12 17:17:10,540] INFO [Controller id=0 epoch=4] Sending UpdateMetadata request to brokers HashSet() for 0 partitions (state.change.logger)
[2024-03-12 17:17:10,573] INFO [Controller id=0 epoch=4] Changed partition myTopic-2-0 from NewPartition to OnlinePartition with state LeaderAndIsr(leader=0, leaderEpoch=0, isrWithBrokerEpoch=List(BrokerState(brokerId=0, brokerEpoch=-1)), leaderRecoveryState=RECOVERED, partitionEpoch=0) (state.change.logger)
[2024-03-12 17:17:10,573] INFO [Controller id=0 epoch=4] Sending LeaderAndIsr request to broker 0 with 1 become-leader and 0 become-follower partitions (state.change.logger)
[2024-03-12 17:17:10,574] INFO [Controller id=0 epoch=4] Sending UpdateMetadata request to brokers HashSet(0) for 1 partitions (state.change.logger)
[2024-03-12 17:17:10,575] INFO [Controller id=0 epoch=4] Sending UpdateMetadata request to brokers HashSet() for 0 partitions (state.change.logger)
[2024-03-12 17:17:10,577] INFO [Broker id=0] Handling LeaderAndIsr request correlationId 3 from controller 0 for 1 partitions (state.change.logger)
[2024-03-12 17:17:10,580] INFO [Broker id=0] Stopped fetchers as part of LeaderAndIsr request correlationId 3 from controller 0 epoch 4 as part of the become-leader transition for 1 partitions (state.change.logger)
[2024-03-12 17:17:10,613] INFO [Broker id=0] Leader myTopic-2-0 with topic id Some(rTmvz3gSQ5OcATUAuK8f4w) starts at leader epoch 0 from offset 0 with partition epoch 0, high watermark 0, ISR [0], adding replicas [] and removing replicas [] . Previous leader None and previous leader epoch was -1. (state.change.logger)
[2024-03-12 17:17:10,619] INFO [Broker id=0] Finished LeaderAndIsr request in 43ms correlationId 3 from controller 0 for 1 partitions (state.change.logger)
[2024-03-12 17:17:10,622] INFO [Broker id=0] Add 1 partitions and deleted 0 partitions from metadata cache in response to UpdateMetadata request sent by controller 0 epoch 4 with correlation id 4 (state.change.logger)
[2024-03-12 17:18:50,744] INFO [Controller id=0 epoch=4] Changed partition myTopic2-0 state from NonExistentPartition to NewPartition with assigned replicas 0 (state.change.logger)
[2024-03-12 17:18:50,744] INFO [Controller id=0 epoch=4] Sending UpdateMetadata request to brokers HashSet() for 0 partitions (state.change.logger)
[2024-03-12 17:18:50,745] INFO [Controller id=0 epoch=4] Sending UpdateMetadata request to brokers HashSet() for 0 partitions (state.change.logger)
[2024-03-12 17:18:50,763] INFO [Controller id=0 epoch=4] Changed partition myTopic2-0 from NewPartition to OnlinePartition with state LeaderAndIsr(leader=0, leaderEpoch=0, isrWithBrokerEpoch=List(BrokerState(brokerId=0, brokerEpoch=-1)), leaderRecoveryState=RECOVERED, partitionEpoch=0) (state.change.logger)
[2024-03-12 17:18:50,763] INFO [Controller id=0 epoch=4] Sending LeaderAndIsr request to broker 0 with 1 become-leader and 0 become-follower partitions (state.change.logger)
[2024-03-12 17:18:50,764] INFO [Controller id=0 epoch=4] Sending UpdateMetadata request to brokers HashSet(0) for 1 partitions (state.change.logger)
[2024-03-12 17:18:50,765] INFO [Controller id=0 epoch=4] Sending UpdateMetadata request to brokers HashSet() for 0 partitions (state.change.logger)
[2024-03-12 17:18:50,766] INFO [Broker id=0] Handling LeaderAndIsr request correlationId 5 from controller 0 for 1 partitions (state.change.logger)
[2024-03-12 17:18:50,767] INFO [Broker id=0] Stopped fetchers as part of LeaderAndIsr request correlationId 5 from controller 0 epoch 4 as part of the become-leader transition for 1 partitions (state.change.logger)
[2024-03-12 17:18:50,788] INFO [Broker id=0] Leader myTopic2-0 with topic id Some(YyZBaFaZQie3nzCkb_FM3A) starts at leader epoch 0 from offset 0 with partition epoch 0, high watermark 0, ISR [0], adding replicas [] and removing replicas [] . Previous leader None and previous leader epoch was -1. (state.change.logger)
[2024-03-12 17:18:50,795] INFO [Broker id=0] Finished LeaderAndIsr request in 30ms correlationId 5 from controller 0 for 1 partitions (state.change.logger)
[2024-03-12 17:18:50,799] INFO [Broker id=0] Add 1 partitions and deleted 0 partitions from metadata cache in response to UpdateMetadata request sent by controller 0 epoch 4 with correlation id 6 (state.change.logger)
